{"message":"Server is running on port: 27017","level":"info","timestamp":"2018-11-26 13:37:15"}
{"message":"Created directory at /home/sprguillen/Workspace/freelance/form-master/server/logs","level":"info","timestamp":"2018-11-26 13:37:15"}
{"message":"Successfully connected to MongoDB port 27017","level":"info","timestamp":"2018-11-26 13:37:15"}
{"message":"Server is running on port: 27017","level":"info","timestamp":"2018-11-26 13:38:45"}
{"message":"Successfully connected to MongoDB port 27017","level":"info","timestamp":"2018-11-26 13:38:45"}
{"message":"Server is running on port 3000","level":"info","timestamp":"2018-11-26 13:43:50"}
{"message":"Successfully connected to MongoDB port 27017","level":"info","timestamp":"2018-11-26 13:43:50"}
{"message":"3000","level":"info","timestamp":"2018-11-26 13:44:33"}
{"message":"3000","level":"info","timestamp":"2018-11-26 13:44:33"}
{"message":"Server is running on port 3000","level":"info","timestamp":"2018-11-26 13:44:33"}
{"message":"Successfully connected to MongoDB port 27017","level":"info","timestamp":"2018-11-26 13:44:33"}
{"message":"Server is running on port 3000","level":"info","timestamp":"2018-11-26 13:50:28"}
{"message":"Successfully connected to MongoDB port 27017","level":"info","timestamp":"2018-11-26 13:50:28"}
{"message":"Server is running on port 3000","level":"info","timestamp":"2018-11-26 13:56:30"}
{"message":"Successfully connected to MongoDB port 27017","level":"info","timestamp":"2018-11-26 13:56:30"}
{"message":"Server is running on port 3000","level":"info","timestamp":"2018-11-26 14:01:07"}
{"message":"Successfully connected to MongoDB port 27017","level":"info","timestamp":"2018-11-26 14:01:07"}
{"message":"::1 - - [26/Nov/2018:06:02:10 +0000] \"POST /users/register?name=Simon%20Guillen&email=sprguillen@gmail.com&password=testtest HTTP/1.1\" - - \"-\" \"PostmanRuntime/7.3.0\"\n","level":"info","timestamp":"2018-11-26 14:02:10"}
{"message":"Server is running on port 3000","level":"info","timestamp":"2018-11-26 14:13:59"}
{"message":"Successfully connected to MongoDB port 27017","level":"info","timestamp":"2018-11-26 14:13:59"}
{"message":"Server is running on port 3000","level":"info","timestamp":"2018-11-26 14:14:08"}
{"message":"Successfully connected to MongoDB port 27017","level":"info","timestamp":"2018-11-26 14:14:08"}
{"message":"::1 - - [26/Nov/2018:06:16:42 +0000] \"POST /users/register?name=Simon%20Guillen&email=sprguillen@gmail.com&password=testtest HTTP/1.1\" - - \"-\" \"PostmanRuntime/7.3.0\"\n","level":"info","timestamp":"2018-11-26 14:16:42"}
{"message":"::1 - - [26/Nov/2018:06:17:43 +0000] \"POST /users/register HTTP/1.1\" - - \"-\" \"PostmanRuntime/7.3.0\"\n","level":"info","timestamp":"2018-11-26 14:17:43"}
{"message":"Server is running on port 3000","level":"info","timestamp":"2018-11-26 14:18:18"}
{"message":"Successfully connected to MongoDB port 27017","level":"info","timestamp":"2018-11-26 14:18:18"}
{"message":"::1 - - [26/Nov/2018:06:18:33 +0000] \"POST /users/register HTTP/1.1\" - - \"-\" \"PostmanRuntime/7.3.0\"\n","level":"info","timestamp":"2018-11-26 14:18:33"}
{"message":"Server is running on port 3000","level":"info","timestamp":"2018-11-26 14:18:42"}
{"message":"Successfully connected to MongoDB port 27017","level":"info","timestamp":"2018-11-26 14:18:42"}
{"message":"::1 - - [26/Nov/2018:06:20:45 +0000] \"POST /users/register HTTP/1.1\" - - \"-\" \"PostmanRuntime/7.3.0\"\n","level":"info","timestamp":"2018-11-26 14:20:45"}
{"message":"Server is running on port 3000","level":"info","timestamp":"2018-11-26 14:23:11"}
{"message":"Successfully connected to MongoDB port 27017","level":"info","timestamp":"2018-11-26 14:23:11"}
{"message":"Server is running on port 3000","level":"info","timestamp":"2018-11-26 23:24:47"}
{"name":"MongoNetworkError","errorLabels":["TransientTransactionError"],"level":"error","timestamp":"2018-11-26 23:24:47"}
{"message":"Server is running on port 3000","level":"info","timestamp":"2018-11-26 23:25:47"}
{"message":"Successfully connected to MongoDB port 27017","level":"info","timestamp":"2018-11-26 23:25:47"}
{"message":"::1 - - [26/Nov/2018:15:26:17 +0000] \"POST /users/register HTTP/1.1\" - - \"-\" \"PostmanRuntime/7.3.0\"\n","level":"info","timestamp":"2018-11-26 23:26:17"}
{"message":"Server is running on port 3000","level":"info","timestamp":"2018-11-26 23:26:30"}
{"message":"Successfully connected to MongoDB port 27017","level":"info","timestamp":"2018-11-26 23:26:30"}
{"message":"::1 - - [26/Nov/2018:15:26:36 +0000] \"POST /users/register HTTP/1.1\" - - \"-\" \"PostmanRuntime/7.3.0\"\n","level":"info","timestamp":"2018-11-26 23:26:36"}
{"message":"Server is running on port 3000","level":"info","timestamp":"2018-11-26 23:33:46"}
{"message":"Successfully connected to MongoDB port 27017","level":"info","timestamp":"2018-11-26 23:33:46"}
{"message":"::1 - - [26/Nov/2018:15:33:48 +0000] \"POST /users/register HTTP/1.1\" 200 54 \"-\" \"PostmanRuntime/7.3.0\"\n","level":"info","timestamp":"2018-11-26 23:33:48"}
